#
# There is insufficient memory for the Java Runtime Environment to continue.
# Native memory allocation (malloc) failed to allocate 32784 bytes for Chunk::new
# Possible reasons:
#   The system is out of physical RAM or swap space
#   The process is running with CompressedOops enabled, and the Java Heap may be blocking the growth of the native heap
# Possible solutions:
#   Reduce memory load on the system
#   Increase physical memory or swap space
#   Check if swap backing store is full
#   Decrease Java heap size (-Xmx/-Xms)
#   Decrease number of Java threads
#   Decrease Java thread stack sizes (-Xss)
#   Set larger code cache with -XX:ReservedCodeCacheSize=
#   JVM is running with Unscaled Compressed Oops mode in which the Java heap is
#     placed in the first 4GB address space. The Java Heap base address is the
#     maximum limit for the native heap growth. Please use -XX:HeapBaseMinAddress
#     to set the Java Heap base and to place the Java Heap above 4GB virtual address.
# This output file may be truncated or incomplete.
#
#  Out of Memory Error (arena.cpp:189), pid=8828, tid=8896
#
# JRE version: OpenJDK Runtime Environment Temurin-17.0.4.1+1 (17.0.4.1+1) (build 17.0.4.1+1)
# Java VM: OpenJDK 64-Bit Server VM Temurin-17.0.4.1+1 (17.0.4.1+1, mixed mode, tiered, compressed oops, compressed class ptrs, parallel gc, windows-amd64)
# No core dump will be written. Minidumps are not enabled by default on client versions of Windows
#

---------------  S U M M A R Y ------------

Command Line: --add-modules=ALL-SYSTEM --add-opens=java.base/java.util=ALL-UNNAMED --add-opens=java.base/java.lang=ALL-UNNAMED --add-opens=java.base/sun.nio.fs=ALL-UNNAMED -Declipse.application=org.eclipse.jdt.ls.core.id1 -Dosgi.bundles.defaultStartLevel=4 -Declipse.product=org.eclipse.jdt.ls.core.product -Djava.import.generatesMetadataFilesAtProjectRoot=false -Dfile.encoding=utf8 -XX:+UseParallelGC -XX:GCTimeRatio=4 -XX:AdaptiveSizePolicyWeight=90 -Dsun.zip.disableMemoryMapping=true -Xmx1G -Xms100m -Xlog:disable -javaagent:c:\Users\Javi\.vscode\extensions\redhat.java-1.12.0-win32-x64\lombok\lombok-1.18.24.jar -XX:+HeapDumpOnOutOfMemoryError -XX:HeapDumpPath=c:\Users\Javi\AppData\Roaming\Code\User\workspaceStorage\bc9c19a975e5383426c18f3188613c0e\redhat.java c:\Users\Javi\.vscode\extensions\redhat.java-1.12.0-win32-x64\server\plugins\org.eclipse.equinox.launcher_1.6.400.v20210924-0641.jar -configuration c:\Users\Javi\AppData\Roaming\Code\User\globalStorage\redhat.java\1.12.0\config_win -data c:\Users\Javi\AppData\Roaming\Code\User\workspaceStorage\bc9c19a975e5383426c18f3188613c0e\redhat.java\jdt_ws

Host: AMD A8-9600 RADEON R7, 10 COMPUTE CORES 4C+6G  , 4 cores, 7G,  Windows 11 , 64 bit Build 22000 (10.0.22000.318)
Time: Wed Nov  2 10:39:04 2022 Mountain Standard Time (Mexico) elapsed time: 12.726974 seconds (0d 0h 0m 12s)

---------------  T H R E A D  ---------------

Current thread (0x00000295fa604350):  JavaThread "C2 CompilerThread0" daemon [_thread_in_native, id=8896, stack(0x0000009cdbf00000,0x0000009cdc000000)]


Current CompileTask:
C2:  12727 2810       4       java.util.HashSet::add (20 bytes)

Stack: [0x0000009cdbf00000,0x0000009cdc000000]
Native frames: (J=compiled Java code, j=interpreted, Vv=VM code, C=native code)
V  [jvm.dll+0x67731a]
V  [jvm.dll+0x832284]
V  [jvm.dll+0x833a2e]
V  [jvm.dll+0x834093]
V  [jvm.dll+0x245775]
V  [jvm.dll+0xabd7b]
V  [jvm.dll+0xac30c]
V  [jvm.dll+0xabe8b]
V  [jvm.dll+0x6548dc]
V  [jvm.dll+0x57d9cf]
V  [jvm.dll+0x220892]
V  [jvm.dll+0x219d3f]
V  [jvm.dll+0x21799b]
V  [jvm.dll+0x1a3f8d]
V  [jvm.dll+0x227498]
V  [jvm.dll+0x2255e5]
V  [jvm.dll+0x7e7e9b]
V  [jvm.dll+0x7e240a]
V  [jvm.dll+0x6761a5]
C  [ucrtbase.dll+0x26c0c]
C  [KERNEL32.DLL+0x154e0]
C  [ntdll.dll+0x485b]


---------------  P R O C E S S  ---------------

Threads class SMR info:
_java_thread_list=0x00000295fdf65450, length=23, elements={
0x00000295e67a4730, 0x00000295fa5c1170, 0x00000295fa5c1ee0, 0x00000295fa5d51c0,
0x00000295fa5d5b80, 0x00000295fa5d6440, 0x00000295fa5d6d00, 0x00000295fa604350,
0x00000295fc037fd0, 0x00000295fc03ac90, 0x00000295fc0ef250, 0x00000295fc2b6970,
0x00000295fc9eedc0, 0x00000295fca4f330, 0x00000295fca4f800, 0x00000295fca46450,
0x00000295fcbf8480, 0x00000295fd899f40, 0x00000295fc634040, 0x00000295fc5768b0,
0x00000295fc577250, 0x00000295fc575f10, 0x00000295fc5798d0
}

Java Threads: ( => current thread )
  0x00000295e67a4730 JavaThread "main" [_thread_blocked, id=8808, stack(0x0000009cdb500000,0x0000009cdb600000)]
  0x00000295fa5c1170 JavaThread "Reference Handler" daemon [_thread_blocked, id=8928, stack(0x0000009cdb900000,0x0000009cdba00000)]
  0x00000295fa5c1ee0 JavaThread "Finalizer" daemon [_thread_blocked, id=8968, stack(0x0000009cdba00000,0x0000009cdbb00000)]
  0x00000295fa5d51c0 JavaThread "Signal Dispatcher" daemon [_thread_blocked, id=8920, stack(0x0000009cdbb00000,0x0000009cdbc00000)]
  0x00000295fa5d5b80 JavaThread "Attach Listener" daemon [_thread_blocked, id=8876, stack(0x0000009cdbc00000,0x0000009cdbd00000)]
  0x00000295fa5d6440 JavaThread "Service Thread" daemon [_thread_blocked, id=8916, stack(0x0000009cdbd00000,0x0000009cdbe00000)]
  0x00000295fa5d6d00 JavaThread "Monitor Deflation Thread" daemon [_thread_blocked, id=8892, stack(0x0000009cdbe00000,0x0000009cdbf00000)]
=>0x00000295fa604350 JavaThread "C2 CompilerThread0" daemon [_thread_in_native, id=8896, stack(0x0000009cdbf00000,0x0000009cdc000000)]
  0x00000295fc037fd0 JavaThread "C1 CompilerThread0" daemon [_thread_blocked, id=8908, stack(0x0000009cdc000000,0x0000009cdc100000)]
  0x00000295fc03ac90 JavaThread "Sweeper thread" daemon [_thread_blocked, id=8888, stack(0x0000009cdc100000,0x0000009cdc200000)]
  0x00000295fc0ef250 JavaThread "Common-Cleaner" daemon [_thread_blocked, id=9048, stack(0x0000009cdc200000,0x0000009cdc300000)]
  0x00000295fc2b6970 JavaThread "Notification Thread" daemon [_thread_blocked, id=9140, stack(0x0000009cdc300000,0x0000009cdc400000)]
  0x00000295fc9eedc0 JavaThread "Active Thread: Equinox Container: d4d9093f-87c7-4143-9a66-6432575c87de" [_thread_blocked, id=8568, stack(0x0000009cdc800000,0x0000009cdc900000)]
  0x00000295fca4f330 JavaThread "Framework Event Dispatcher: Equinox Container: d4d9093f-87c7-4143-9a66-6432575c87de" daemon [_thread_blocked, id=3904, stack(0x0000009cdc900000,0x0000009cdca00000)]
  0x00000295fca4f800 JavaThread "Start Level: Equinox Container: d4d9093f-87c7-4143-9a66-6432575c87de" daemon [_thread_in_vm, id=8488, stack(0x0000009cdca00000,0x0000009cdcb00000)]
  0x00000295fca46450 JavaThread "SCR Component Actor" daemon [_thread_blocked, id=8832, stack(0x0000009cdcb00000,0x0000009cdcc00000)]
  0x00000295fcbf8480 JavaThread "SCR Component Registry" daemon [_thread_blocked, id=8636, stack(0x0000009cdcc00000,0x0000009cdcd00000)]
  0x00000295fd899f40 JavaThread "Worker-JM" [_thread_blocked, id=3892, stack(0x0000009cdcd00000,0x0000009cdce00000)]
  0x00000295fc634040 JavaThread "Worker-0: Updating Maven Dependencies" [_thread_in_vm, id=9104, stack(0x0000009cdce00000,0x0000009cdcf00000)]
  0x00000295fc5768b0 JavaThread "Worker-1: Repository registry initialization" [_thread_blocked, id=7596, stack(0x0000009cdcf00000,0x0000009cdd000000)]
  0x00000295fc577250 JavaThread "Worker-2" [_thread_blocked, id=1208, stack(0x0000009cdd100000,0x0000009cdd200000)]
  0x00000295fc575f10 JavaThread "Worker-3" [_thread_blocked, id=3372, stack(0x0000009cdd000000,0x0000009cdd100000)]
  0x00000295fc5798d0 JavaThread "Java indexing" daemon [_thread_blocked, id=1580, stack(0x0000009cdd200000,0x0000009cdd300000)]

Other Threads:
  0x00000295e687e610 VMThread "VM Thread" [stack: 0x0000009cdb800000,0x0000009cdb900000] [id=8980]
  0x00000295fc2b6e40 WatcherThread [stack: 0x0000009cdc400000,0x0000009cdc500000] [id=9108]
  0x00000295e67b8e10 GCTaskThread "GC Thread#0" [stack: 0x0000009cdb700000,0x0000009cdb800000] [id=8884]
  0x00000295fc900060 GCTaskThread "GC Thread#1" [stack: 0x0000009cdc500000,0x0000009cdc600000] [id=8668]
  0x00000295fc66d940 GCTaskThread "GC Thread#2" [stack: 0x0000009cdc600000,0x0000009cdc700000] [id=8588]
  0x00000295fc900310 GCTaskThread "GC Thread#3" [stack: 0x0000009cdc700000,0x0000009cdc800000] [id=8432]

Threads with active compile tasks:
C2 CompilerThread0    12858 2810       4       java.util.HashSet::add (20 bytes)

VM state: not at safepoint (normal execution)

VM Mutex/Monitor currently owned by a thread:  ([mutex/lock_event])
[0x00000295e679e980] Metaspace_lock - owner thread: 0x00000295fca4f800

Heap address: 0x00000000c0000000, size: 1024 MB, Compressed Oops mode: 32-bit

CDS archive(s) not mapped
Compressed class space mapped at: 0x0000000100000000-0x0000000140000000, reserved size: 1073741824
Narrow klass base: 0x0000000000000000, Narrow klass shift: 3, Narrow klass range: 0x140000000

GC Precious Log:
 CPUs: 4 total, 4 available
 Memory: 7609M
 Large Page Support: Disabled
 NUMA Support: Disabled
 Compressed Oops: Enabled (32-bit)
 Alignments: Space 512K, Generation 512K, Heap 2M
 Heap Min Capacity: 100M
 Heap Initial Capacity: 100M
 Heap Max Capacity: 1G
 Pre-touch: Disabled
 Parallel Workers: 4

Heap:
 PSYoungGen      total 27136K, used 14215K [0x00000000eab00000, 0x00000000ec880000, 0x0000000100000000)
  eden space 24064K, 47% used [0x00000000eab00000,0x00000000eb6303c0,0x00000000ec280000)
  from space 3072K, 89% used [0x00000000ec380000,0x00000000ec631948,0x00000000ec680000)
  to   space 2048K, 0% used [0x00000000ec680000,0x00000000ec680000,0x00000000ec880000)
 ParOldGen       total 68608K, used 7713K [0x00000000c0000000, 0x00000000c4300000, 0x00000000eab00000)
  object space 68608K, 11% used [0x00000000c0000000,0x00000000c0788558,0x00000000c4300000)
 Metaspace       used 32590K, committed 33088K, reserved 1081344K
  class space    used 3299K, committed 3520K, reserved 1048576K

Card table byte_map: [0x00000295e6190000,0x00000295e63a0000] _byte_map_base: 0x00000295e5b90000

Marking Bits: (ParMarkBitMap*) 0x00007ff882ba2cc0
 Begin Bits: [0x00000295f8440000, 0x00000295f9440000)
 End Bits:   [0x00000295f9440000, 0x00000295fa440000)

Polling page: 0x00000295e5f80000

Metaspace:

Usage:
  Non-class:     28.60 MB used.
      Class:      3.22 MB used.
       Both:     31.83 MB used.

Virtual space:
  Non-class space:       32.00 MB reserved,      28.88 MB ( 90%) committed,  4 nodes.
      Class space:        1.00 GB reserved,       3.44 MB ( <1%) committed,  1 nodes.
             Both:        1.03 GB reserved,      32.31 MB (  3%) committed. 

Chunk freelists:
   Non-Class:  2.98 MB
       Class:  496.00 KB
        Both:  3.47 MB

MaxMetaspaceSize: unlimited
CompressedClassSpaceSize: 1.00 GB
Initial GC threshold: 21.00 MB
Current GC threshold: 35.00 MB
CDS: off
MetaspaceReclaimPolicy: balanced
 - commit_granule_bytes: 65536.
 - commit_granule_words: 8192.
 - virtual_space_node_default_size: 1048576.
 - enlarge_chunks_in_place: 1.
 - new_chunks_are_fully_committed: 0.
 - uncommit_free_chunks: 1.
 - use_allocation_guard: 0.
 - handle_deallocations: 1.


Internal statistics:

num_allocs_failed_limit: 3.
num_arena_births: 230.
num_arena_deaths: 14.
num_vsnodes_births: 5.
num_vsnodes_deaths: 0.
num_space_committed: 517.
num_space_uncommitted: 0.
num_chunks_returned_to_freelist: 17.
num_chunks_taken_from_freelist: 1166.
num_chunk_merges: 4.
num_chunk_splits: 781.
num_chunks_enlarged: 558.
num_purges: 2.
num_inconsistent_stats: 0.

CodeHeap 'non-profiled nmethods': size=120000Kb used=1177Kb max_used=1177Kb free=118822Kb
 bounds [0x00000295f0f10000, 0x00000295f1180000, 0x00000295f8440000]
CodeHeap 'profiled nmethods': size=120000Kb used=5782Kb max_used=5782Kb free=114217Kb
 bounds [0x00000295e99e0000, 0x00000295e9f90000, 0x00000295f0f10000]
CodeHeap 'non-nmethods': size=5760Kb used=1244Kb max_used=1264Kb free=4516Kb
 bounds [0x00000295e9440000, 0x00000295e96b0000, 0x00000295e99e0000]
 total_blobs=3385 nmethods=2826 adapters=474
 compilation: enabled
              stopped_count=0, restarted_count=0
 full_count=0

Compilation events (20 events):
Event: 12.670 Thread 0x00000295fc037fd0 nmethod 2806 0x00000295e9f77810 code [0x00000295e9f779c0, 0x00000295e9f77b88]
Event: 12.670 Thread 0x00000295fc037fd0 2808       3       java.lang.Class::privateGetDeclaredMethods (64 bytes)
Event: 12.671 Thread 0x00000295fc037fd0 nmethod 2808 0x00000295e9f77c90 code [0x00000295e9f77ea0, 0x00000295e9f785d8]
Event: 12.671 Thread 0x00000295fc037fd0 2807       3       java.lang.System$2::getConstantPool (5 bytes)
Event: 12.671 Thread 0x00000295fa604350 2810       4       java.util.HashSet::add (20 bytes)
Event: 12.671 Thread 0x00000295fc037fd0 nmethod 2807 0x00000295e9f78810 code [0x00000295e9f789c0, 0x00000295e9f78b08]
Event: 12.673 Thread 0x00000295fc037fd0 2811       3       jdk.internal.loader.AbstractClassLoaderValue::map (20 bytes)
Event: 12.674 Thread 0x00000295fc037fd0 nmethod 2811 0x00000295e9f78c10 code [0x00000295e9f78dc0, 0x00000295e9f79088]
Event: 12.675 Thread 0x00000295fc037fd0 2812       3       java.util.HashMap::afterNodeAccess (1 bytes)
Event: 12.675 Thread 0x00000295fc037fd0 nmethod 2812 0x00000295e9f79190 code [0x00000295e9f79320, 0x00000295e9f79438]
Event: 12.675 Thread 0x00000295fc037fd0 2814       3       jdk.internal.org.objectweb.asm.Edge::<init> (20 bytes)
Event: 12.675 Thread 0x00000295fc037fd0 nmethod 2814 0x00000295e9f79510 code [0x00000295e9f796a0, 0x00000295e9f79838]
Event: 12.675 Thread 0x00000295fc037fd0 2815       3       jdk.internal.org.objectweb.asm.Frame::merge (395 bytes)
Event: 12.677 Thread 0x00000295fc037fd0 nmethod 2815 0x00000295e9f79910 code [0x00000295e9f79bc0, 0x00000295e9f7a958]
Event: 12.677 Thread 0x00000295fc037fd0 2816       3       jdk.internal.org.objectweb.asm.MethodWriter::computeAllFrames (510 bytes)
Event: 12.679 Thread 0x00000295fc037fd0 nmethod 2816 0x00000295e9f7af90 code [0x00000295e9f7b2c0, 0x00000295e9f7c568]
Event: 12.680 Thread 0x00000295fc037fd0 2817       3       java.lang.reflect.ProxyGenerator::dotToSlash (9 bytes)
Event: 12.680 Thread 0x00000295fc037fd0 nmethod 2817 0x00000295e9f7d090 code [0x00000295e9f7d220, 0x00000295e9f7d348]
Event: 12.683 Thread 0x00000295fc037fd0 2819       3       java.security.MessageDigest::update (14 bytes)
Event: 12.683 Thread 0x00000295fc037fd0 nmethod 2819 0x00000295e9f7d410 code [0x00000295e9f7d5c0, 0x00000295e9f7d888]

GC Heap History (16 events):
Event: 3.609 GC heap before
{Heap before GC invocations=1 (full 0):
 PSYoungGen      total 29696K, used 25600K [0x00000000eab00000, 0x00000000ecc00000, 0x0000000100000000)
  eden space 25600K, 100% used [0x00000000eab00000,0x00000000ec400000,0x00000000ec400000)
  from space 4096K, 0% used [0x00000000ec800000,0x00000000ec800000,0x00000000ecc00000)
  to   space 4096K, 0% used [0x00000000ec400000,0x00000000ec400000,0x00000000ec800000)
 ParOldGen       total 68608K, used 0K [0x00000000c0000000, 0x00000000c4300000, 0x00000000eab00000)
  object space 68608K, 0% used [0x00000000c0000000,0x00000000c0000000,0x00000000c4300000)
 Metaspace       used 10835K, committed 11008K, reserved 1064960K
  class space    used 1087K, committed 1152K, reserved 1048576K
}
Event: 3.625 GC heap after
{Heap after GC invocations=1 (full 0):
 PSYoungGen      total 29696K, used 3304K [0x00000000eab00000, 0x00000000ecc00000, 0x0000000100000000)
  eden space 25600K, 0% used [0x00000000eab00000,0x00000000eab00000,0x00000000ec400000)
  from space 4096K, 80% used [0x00000000ec400000,0x00000000ec73a208,0x00000000ec800000)
  to   space 4096K, 0% used [0x00000000ec800000,0x00000000ec800000,0x00000000ecc00000)
 ParOldGen       total 68608K, used 8K [0x00000000c0000000, 0x00000000c4300000, 0x00000000eab00000)
  object space 68608K, 0% used [0x00000000c0000000,0x00000000c0002000,0x00000000c4300000)
 Metaspace       used 10835K, committed 11008K, reserved 1064960K
  class space    used 1087K, committed 1152K, reserved 1048576K
}
Event: 5.778 GC heap before
{Heap before GC invocations=2 (full 0):
 PSYoungGen      total 29696K, used 28904K [0x00000000eab00000, 0x00000000ecc00000, 0x0000000100000000)
  eden space 25600K, 100% used [0x00000000eab00000,0x00000000ec400000,0x00000000ec400000)
  from space 4096K, 80% used [0x00000000ec400000,0x00000000ec73a208,0x00000000ec800000)
  to   space 4096K, 0% used [0x00000000ec800000,0x00000000ec800000,0x00000000ecc00000)
 ParOldGen       total 68608K, used 8K [0x00000000c0000000, 0x00000000c4300000, 0x00000000eab00000)
  object space 68608K, 0% used [0x00000000c0000000,0x00000000c0002000,0x00000000c4300000)
 Metaspace       used 14874K, committed 15168K, reserved 1064960K
  class space    used 1519K, committed 1664K, reserved 1048576K
}
Event: 5.788 GC heap after
{Heap after GC invocations=2 (full 0):
 PSYoungGen      total 29696K, used 4094K [0x00000000eab00000, 0x00000000ecc00000, 0x0000000100000000)
  eden space 25600K, 0% used [0x00000000eab00000,0x00000000eab00000,0x00000000ec400000)
  from space 4096K, 99% used [0x00000000ec800000,0x00000000ecbffa48,0x00000000ecc00000)
  to   space 4096K, 0% used [0x00000000ec400000,0x00000000ec400000,0x00000000ec800000)
 ParOldGen       total 68608K, used 1188K [0x00000000c0000000, 0x00000000c4300000, 0x00000000eab00000)
  object space 68608K, 1% used [0x00000000c0000000,0x00000000c0129030,0x00000000c4300000)
 Metaspace       used 14874K, committed 15168K, reserved 1064960K
  class space    used 1519K, committed 1664K, reserved 1048576K
}
Event: 7.877 GC heap before
{Heap before GC invocations=3 (full 0):
 PSYoungGen      total 29696K, used 29694K [0x00000000eab00000, 0x00000000ecc00000, 0x0000000100000000)
  eden space 25600K, 100% used [0x00000000eab00000,0x00000000ec400000,0x00000000ec400000)
  from space 4096K, 99% used [0x00000000ec800000,0x00000000ecbffa48,0x00000000ecc00000)
  to   space 4096K, 0% used [0x00000000ec400000,0x00000000ec400000,0x00000000ec800000)
 ParOldGen       total 68608K, used 1188K [0x00000000c0000000, 0x00000000c4300000, 0x00000000eab00000)
  object space 68608K, 1% used [0x00000000c0000000,0x00000000c0129030,0x00000000c4300000)
 Metaspace       used 19880K, committed 20224K, reserved 1073152K
  class space    used 2014K, committed 2176K, reserved 1048576K
}
Event: 7.887 GC heap after
{Heap after GC invocations=3 (full 0):
 PSYoungGen      total 29696K, used 4087K [0x00000000eab00000, 0x00000000ecc00000, 0x0000000100000000)
  eden space 25600K, 0% used [0x00000000eab00000,0x00000000eab00000,0x00000000ec400000)
  from space 4096K, 99% used [0x00000000ec400000,0x00000000ec7fddb0,0x00000000ec800000)
  to   space 4096K, 0% used [0x00000000ec800000,0x00000000ec800000,0x00000000ecc00000)
 ParOldGen       total 68608K, used 3498K [0x00000000c0000000, 0x00000000c4300000, 0x00000000eab00000)
  object space 68608K, 5% used [0x00000000c0000000,0x00000000c036aa68,0x00000000c4300000)
 Metaspace       used 19880K, committed 20224K, reserved 1073152K
  class space    used 2014K, committed 2176K, reserved 1048576K
}
Event: 8.461 GC heap before
{Heap before GC invocations=4 (full 0):
 PSYoungGen      total 29696K, used 11601K [0x00000000eab00000, 0x00000000ecc00000, 0x0000000100000000)
  eden space 25600K, 29% used [0x00000000eab00000,0x00000000eb2569f8,0x00000000ec400000)
  from space 4096K, 99% used [0x00000000ec400000,0x00000000ec7fddb0,0x00000000ec800000)
  to   space 4096K, 0% used [0x00000000ec800000,0x00000000ec800000,0x00000000ecc00000)
 ParOldGen       total 68608K, used 3498K [0x00000000c0000000, 0x00000000c4300000, 0x00000000eab00000)
  object space 68608K, 5% used [0x00000000c0000000,0x00000000c036aa68,0x00000000c4300000)
 Metaspace       used 21057K, committed 21504K, reserved 1073152K
  class space    used 2141K, committed 2368K, reserved 1048576K
}
Event: 8.468 GC heap after
{Heap after GC invocations=4 (full 0):
 PSYoungGen      total 29696K, used 4087K [0x00000000eab00000, 0x00000000ecc00000, 0x0000000100000000)
  eden space 25600K, 0% used [0x00000000eab00000,0x00000000eab00000,0x00000000ec400000)
  from space 4096K, 99% used [0x00000000ec800000,0x00000000ecbfddb0,0x00000000ecc00000)
  to   space 4096K, 0% used [0x00000000ec400000,0x00000000ec400000,0x00000000ec800000)
 ParOldGen       total 68608K, used 3748K [0x00000000c0000000, 0x00000000c4300000, 0x00000000eab00000)
  object space 68608K, 5% used [0x00000000c0000000,0x00000000c03a9090,0x00000000c4300000)
 Metaspace       used 21057K, committed 21504K, reserved 1073152K
  class space    used 2141K, committed 2368K, reserved 1048576K
}
Event: 8.468 GC heap before
{Heap before GC invocations=5 (full 1):
 PSYoungGen      total 29696K, used 4087K [0x00000000eab00000, 0x00000000ecc00000, 0x0000000100000000)
  eden space 25600K, 0% used [0x00000000eab00000,0x00000000eab00000,0x00000000ec400000)
  from space 4096K, 99% used [0x00000000ec800000,0x00000000ecbfddb0,0x00000000ecc00000)
  to   space 4096K, 0% used [0x00000000ec400000,0x00000000ec400000,0x00000000ec800000)
 ParOldGen       total 68608K, used 3748K [0x00000000c0000000, 0x00000000c4300000, 0x00000000eab00000)
  object space 68608K, 5% used [0x00000000c0000000,0x00000000c03a9090,0x00000000c4300000)
 Metaspace       used 21057K, committed 21504K, reserved 1073152K
  class space    used 2141K, committed 2368K, reserved 1048576K
}
Event: 8.506 GC heap after
{Heap after GC invocations=5 (full 1):
 PSYoungGen      total 29696K, used 0K [0x00000000eab00000, 0x00000000ecc00000, 0x0000000100000000)
  eden space 25600K, 0% used [0x00000000eab00000,0x00000000eab00000,0x00000000ec400000)
  from space 4096K, 0% used [0x00000000ec800000,0x00000000ec800000,0x00000000ecc00000)
  to   space 4096K, 0% used [0x00000000ec400000,0x00000000ec400000,0x00000000ec800000)
 ParOldGen       total 68608K, used 7697K [0x00000000c0000000, 0x00000000c4300000, 0x00000000eab00000)
  object space 68608K, 11% used [0x00000000c0000000,0x00000000c0784558,0x00000000c4300000)
 Metaspace       used 21044K, committed 21504K, reserved 1073152K
  class space    used 2138K, committed 2368K, reserved 1048576K
}
Event: 9.834 GC heap before
{Heap before GC invocations=6 (full 1):
 PSYoungGen      total 29696K, used 25600K [0x00000000eab00000, 0x00000000ecc00000, 0x0000000100000000)
  eden space 25600K, 100% used [0x00000000eab00000,0x00000000ec400000,0x00000000ec400000)
  from space 4096K, 0% used [0x00000000ec800000,0x00000000ec800000,0x00000000ecc00000)
  to   space 4096K, 0% used [0x00000000ec400000,0x00000000ec400000,0x00000000ec800000)
 ParOldGen       total 68608K, used 7697K [0x00000000c0000000, 0x00000000c4300000, 0x00000000eab00000)
  object space 68608K, 11% used [0x00000000c0000000,0x00000000c0784558,0x00000000c4300000)
 Metaspace       used 24189K, committed 24640K, reserved 1073152K
  class space    used 2470K, committed 2688K, reserved 1048576K
}
Event: 9.837 GC heap after
{Heap after GC invocations=6 (full 1):
 PSYoungGen      total 28160K, used 2839K [0x00000000eab00000, 0x00000000eca80000, 0x0000000100000000)
  eden space 25088K, 0% used [0x00000000eab00000,0x00000000eab00000,0x00000000ec380000)
  from space 3072K, 92% used [0x00000000ec400000,0x00000000ec6c5c30,0x00000000ec700000)
  to   space 3584K, 0% used [0x00000000ec700000,0x00000000ec700000,0x00000000eca80000)
 ParOldGen       total 68608K, used 7705K [0x00000000c0000000, 0x00000000c4300000, 0x00000000eab00000)
  object space 68608K, 11% used [0x00000000c0000000,0x00000000c0786558,0x00000000c4300000)
 Metaspace       used 24189K, committed 24640K, reserved 1073152K
  class space    used 2470K, committed 2688K, reserved 1048576K
}
Event: 10.608 GC heap before
{Heap before GC invocations=7 (full 1):
 PSYoungGen      total 28160K, used 27927K [0x00000000eab00000, 0x00000000eca80000, 0x0000000100000000)
  eden space 25088K, 100% used [0x00000000eab00000,0x00000000ec380000,0x00000000ec380000)
  from space 3072K, 92% used [0x00000000ec400000,0x00000000ec6c5c30,0x00000000ec700000)
  to   space 3584K, 0% used [0x00000000ec700000,0x00000000ec700000,0x00000000eca80000)
 ParOldGen       total 68608K, used 7705K [0x00000000c0000000, 0x00000000c4300000, 0x00000000eab00000)
  object space 68608K, 11% used [0x00000000c0000000,0x00000000c0786558,0x00000000c4300000)
 Metaspace       used 27477K, committed 27968K, reserved 1081344K
  class space    used 2722K, committed 2944K, reserved 1048576K
}
Event: 10.611 GC heap after
{Heap after GC invocations=7 (full 1):
 PSYoungGen      total 28160K, used 3192K [0x00000000eab00000, 0x00000000eca80000, 0x0000000100000000)
  eden space 24576K, 0% used [0x00000000eab00000,0x00000000eab00000,0x00000000ec300000)
  from space 3584K, 89% used [0x00000000ec700000,0x00000000eca1e3e8,0x00000000eca80000)
  to   space 3584K, 0% used [0x00000000ec380000,0x00000000ec380000,0x00000000ec700000)
 ParOldGen       total 68608K, used 7705K [0x00000000c0000000, 0x00000000c4300000, 0x00000000eab00000)
  object space 68608K, 11% used [0x00000000c0000000,0x00000000c0786558,0x00000000c4300000)
 Metaspace       used 27477K, committed 27968K, reserved 1081344K
  class space    used 2722K, committed 2944K, reserved 1048576K
}
Event: 12.065 GC heap before
{Heap before GC invocations=8 (full 1):
 PSYoungGen      total 28160K, used 27768K [0x00000000eab00000, 0x00000000eca80000, 0x0000000100000000)
  eden space 24576K, 100% used [0x00000000eab00000,0x00000000ec300000,0x00000000ec300000)
  from space 3584K, 89% used [0x00000000ec700000,0x00000000eca1e3e8,0x00000000eca80000)
  to   space 3584K, 0% used [0x00000000ec380000,0x00000000ec380000,0x00000000ec700000)
 ParOldGen       total 68608K, used 7705K [0x00000000c0000000, 0x00000000c4300000, 0x00000000eab00000)
  object space 68608K, 11% used [0x00000000c0000000,0x00000000c0786558,0x00000000c4300000)
 Metaspace       used 30625K, committed 31168K, reserved 1081344K
  class space    used 3040K, committed 3264K, reserved 1048576K
}
Event: 12.069 GC heap after
{Heap after GC invocations=8 (full 1):
 PSYoungGen      total 27136K, used 2758K [0x00000000eab00000, 0x00000000ec880000, 0x0000000100000000)
  eden space 24064K, 0% used [0x00000000eab00000,0x00000000eab00000,0x00000000ec280000)
  from space 3072K, 89% used [0x00000000ec380000,0x00000000ec631948,0x00000000ec680000)
  to   space 2048K, 0% used [0x00000000ec680000,0x00000000ec680000,0x00000000ec880000)
 ParOldGen       total 68608K, used 7713K [0x00000000c0000000, 0x00000000c4300000, 0x00000000eab00000)
  object space 68608K, 11% used [0x00000000c0000000,0x00000000c0788558,0x00000000c4300000)
 Metaspace       used 30625K, committed 31168K, reserved 1081344K
  class space    used 3040K, committed 3264K, reserved 1048576K
}

Deoptimization events (20 events):
Event: 12.210 Thread 0x00000295fca4f800 Uncommon trap: trap_request=0xffffffc6 fr.pc=0x00000295f1003414 relative=0x0000000000000a34
Event: 12.210 Thread 0x00000295fca4f800 Uncommon trap: reason=bimorphic_or_optimized_type_check action=maybe_recompile pc=0x00000295f1003414 method=java.util.HashMap.putVal(ILjava/lang/Object;Ljava/lang/Object;ZZ)Ljava/lang/Object; @ 56 c2
Event: 12.210 Thread 0x00000295fca4f800 DEOPT PACKING pc=0x00000295f1003414 sp=0x0000009cdcafdf50
Event: 12.210 Thread 0x00000295fca4f800 DEOPT UNPACKING pc=0x00000295e94920a3 sp=0x0000009cdcafde40 mode 2
Event: 12.210 Thread 0x00000295fca4f800 Uncommon trap: trap_request=0xffffffc6 fr.pc=0x00000295f1003414 relative=0x0000000000000a34
Event: 12.210 Thread 0x00000295fca4f800 Uncommon trap: reason=bimorphic_or_optimized_type_check action=maybe_recompile pc=0x00000295f1003414 method=java.util.HashMap.putVal(ILjava/lang/Object;Ljava/lang/Object;ZZ)Ljava/lang/Object; @ 56 c2
Event: 12.210 Thread 0x00000295fca4f800 DEOPT PACKING pc=0x00000295f1003414 sp=0x0000009cdcafdf50
Event: 12.210 Thread 0x00000295fca4f800 DEOPT UNPACKING pc=0x00000295e94920a3 sp=0x0000009cdcafde40 mode 2
Event: 12.266 Thread 0x00000295fc634040 Uncommon trap: trap_request=0xffffff45 fr.pc=0x00000295f0f7e718 relative=0x0000000000000258
Event: 12.266 Thread 0x00000295fc634040 Uncommon trap: reason=unstable_if action=reinterpret pc=0x00000295f0f7e718 method=java.util.HashMap.getNode(Ljava/lang/Object;)Ljava/util/HashMap$Node; @ 66 c2
Event: 12.266 Thread 0x00000295fc634040 DEOPT PACKING pc=0x00000295f0f7e718 sp=0x0000009cdcefe8d0
Event: 12.266 Thread 0x00000295fc634040 DEOPT UNPACKING pc=0x00000295e94920a3 sp=0x0000009cdcefe850 mode 2
Event: 12.273 Thread 0x00000295fc634040 Uncommon trap: trap_request=0xffffff45 fr.pc=0x00000295f102ffec relative=0x000000000000094c
Event: 12.273 Thread 0x00000295fc634040 Uncommon trap: reason=unstable_if action=reinterpret pc=0x00000295f102ffec method=java.util.HashMap.putVal(ILjava/lang/Object;Ljava/lang/Object;ZZ)Ljava/lang/Object; @ 94 c2
Event: 12.273 Thread 0x00000295fc634040 DEOPT PACKING pc=0x00000295f102ffec sp=0x0000009cdcefe7e0
Event: 12.273 Thread 0x00000295fc634040 DEOPT UNPACKING pc=0x00000295e94920a3 sp=0x0000009cdcefe6f0 mode 2
Event: 12.676 Thread 0x00000295fc634040 Uncommon trap: trap_request=0xffffff45 fr.pc=0x00000295f1008634 relative=0x0000000000000114
Event: 12.676 Thread 0x00000295fc634040 Uncommon trap: reason=unstable_if action=reinterpret pc=0x00000295f1008634 method=jdk.internal.org.objectweb.asm.SymbolTable.put(Ljdk/internal/org/objectweb/asm/SymbolTable$Entry;)Ljdk/internal/org/objectweb/asm/SymbolTable$Entry; @ 13 c2
Event: 12.676 Thread 0x00000295fc634040 DEOPT PACKING pc=0x00000295f1008634 sp=0x0000009cdcefd600
Event: 12.676 Thread 0x00000295fc634040 DEOPT UNPACKING pc=0x00000295e94920a3 sp=0x0000009cdcefd560 mode 2

Classes unloaded (7 events):
Event: 8.476 Thread 0x00000295e687e610 Unloading class 0x0000000100218800 'java/lang/invoke/LambdaForm$MH+0x0000000100218800'
Event: 8.476 Thread 0x00000295e687e610 Unloading class 0x0000000100218400 'java/lang/invoke/LambdaForm$MH+0x0000000100218400'
Event: 8.476 Thread 0x00000295e687e610 Unloading class 0x0000000100218000 'java/lang/invoke/LambdaForm$MH+0x0000000100218000'
Event: 8.476 Thread 0x00000295e687e610 Unloading class 0x0000000100217c00 'java/lang/invoke/LambdaForm$MH+0x0000000100217c00'
Event: 8.476 Thread 0x00000295e687e610 Unloading class 0x0000000100217400 'java/lang/invoke/LambdaForm$BMH+0x0000000100217400'
Event: 8.476 Thread 0x00000295e687e610 Unloading class 0x0000000100217000 'java/lang/invoke/LambdaForm$DMH+0x0000000100217000'
Event: 8.476 Thread 0x00000295e687e610 Unloading class 0x0000000100214400 'java/lang/invoke/LambdaForm$DMH+0x0000000100214400'

Classes redefined (0 events):
No events

Internal exceptions (20 events):
Event: 7.528 Thread 0x00000295fca4f800 Exception <a 'java/lang/NoSuchMethodError'{0x00000000ec07cea0}: 'void java.lang.invoke.DelegatingMethodHandle$Holder.delegate(java.lang.Object, java.lang.Object, int, java.lang.Object)'> (0x00000000ec07cea0) 
thrown [s\src\hotspot\share\interpreter\linkResolver.cpp, line 759]
Event: 7.531 Thread 0x00000295fca4f800 Exception <a 'java/lang/NoSuchMethodError'{0x00000000ec081288}: 'int java.lang.invoke.DirectMethodHandle$Holder.invokeSpecial(java.lang.Object, java.lang.Object, java.lang.Object)'> (0x00000000ec081288) 
thrown [s\src\hotspot\share\interpreter\linkResolver.cpp, line 759]
Event: 7.534 Thread 0x00000295fca4f800 Exception <a 'java/lang/NoSuchMethodError'{0x00000000ec091ac0}: 'int java.lang.invoke.DirectMethodHandle$Holder.invokeStatic(java.lang.Object, java.lang.Object, int)'> (0x00000000ec091ac0) 
thrown [s\src\hotspot\share\interpreter\linkResolver.cpp, line 759]
Event: 7.536 Thread 0x00000295fca4f800 Exception <a 'java/lang/NoSuchMethodError'{0x00000000ec095ae8}: 'int java.lang.invoke.DirectMethodHandle$Holder.invokeSpecial(java.lang.Object, java.lang.Object, java.lang.Object, int)'> (0x00000000ec095ae8) 
thrown [s\src\hotspot\share\interpreter\linkResolver.cpp, line 759]
Event: 7.540 Thread 0x00000295fca4f800 Exception <a 'java/lang/NoSuchMethodError'{0x00000000ec0b0568}: 'java.lang.Object java.lang.invoke.DirectMethodHandle$Holder.invokeStatic(java.lang.Object, java.lang.Object, java.lang.Object, java.lang.Object, int)'> (0x00000000ec0b0568) 
thrown [s\src\hotspot\share\interpreter\linkResolver.cpp, line 759]
Event: 7.543 Thread 0x00000295fca4f800 Exception <a 'java/lang/NoSuchMethodError'{0x00000000ec0bc8d8}: 'java.lang.Object java.lang.invoke.DelegatingMethodHandle$Holder.reinvoke_L(java.lang.Object, java.lang.Object, java.lang.Object, java.lang.Object, int, int)'> (0x00000000ec0bc8d8) 
thrown [s\src\hotspot\share\interpreter\linkResolver.cpp, line 759]
Event: 7.548 Thread 0x00000295fca4f800 Exception <a 'java/lang/NoSuchMethodError'{0x00000000ec0d4590}: 'java.lang.Object java.lang.invoke.Invokers$Holder.invokeExact_MT(java.lang.Object, java.lang.Object, java.lang.Object, java.lang.Object)'> (0x00000000ec0d4590) 
thrown [s\src\hotspot\share\interpreter\linkResolver.cpp, line 759]
Event: 8.321 Thread 0x00000295fca4f800 Exception <a 'java/lang/NoSuchMethodError'{0x00000000eb091e58}: 'int java.lang.invoke.DirectMethodHandle$Holder.invokeStaticInit(java.lang.Object, java.lang.Object, java.lang.Object)'> (0x00000000eb091e58) 
thrown [s\src\hotspot\share\interpreter\linkResolver.cpp, line 759]
Event: 8.334 Thread 0x00000295fca4f800 Exception <a 'java/lang/IncompatibleClassChangeError'{0x00000000eb119570}: Found class java.lang.Object, but interface was expected> (0x00000000eb119570) 
thrown [s\src\hotspot\share\interpreter\linkResolver.cpp, line 826]
Event: 9.107 Thread 0x00000295fca4f800 Exception <a 'java/io/FileNotFoundException'{0x00000000eb490f50}> (0x00000000eb490f50) 
thrown [s\src\hotspot\share\prims\jni.cpp, line 516]
Event: 9.409 Thread 0x00000295fca4f800 Exception <a 'java/lang/NoSuchMethodError'{0x00000000eb959150}: 'void java.lang.invoke.DirectMethodHandle$Holder.invokeSpecial(java.lang.Object, java.lang.Object, java.lang.Object, int)'> (0x00000000eb959150) 
thrown [s\src\hotspot\share\interpreter\linkResolver.cpp, line 759]
Event: 9.558 Thread 0x00000295fc634040 Exception <a 'java/io/FileNotFoundException'{0x00000000ebca2cb8}> (0x00000000ebca2cb8) 
thrown [s\src\hotspot\share\prims\jni.cpp, line 516]
Event: 10.532 Thread 0x00000295fc634040 Exception <a 'java/lang/NoSuchMethodError'{0x00000000ebf0d258}: 'java.lang.Object java.lang.invoke.DirectMethodHandle$Holder.newInvokeSpecial(java.lang.Object, java.lang.Object, java.lang.Object, java.lang.Object, java.lang.Object)'> (0x00000000ebf0d258) 
thrown [s\src\hotspot\share\interpreter\linkResolver.cpp, line 759]
Event: 11.067 Thread 0x00000295fca4f800 Exception <a 'java/lang/ClassNotFoundException'{0x00000000ebfa48d0}: com/sun/org/apache/xerces/internal/impl/msg/spi/DOMMessagesProvider> (0x00000000ebfa48d0) 
thrown [s\src\hotspot\share\classfile\systemDictionary.cpp, line 256]
Event: 11.100 Thread 0x00000295fca4f800 Exception <a 'java/lang/ClassNotFoundException'{0x00000000ebfc04d0}: com/sun/org/apache/xerces/internal/impl/msg/spi/XMLSerializerMessagesProvider> (0x00000000ebfc04d0) 
thrown [s\src\hotspot\share\classfile\systemDictionary.cpp, line 256]
Event: 11.103 Thread 0x00000295fca4f800 Exception <a 'java/lang/ClassNotFoundException'{0x00000000ebfcd7a8}: com/sun/org/apache/xerces/internal/impl/msg/spi/XMLMessagesProvider> (0x00000000ebfcd7a8) 
thrown [s\src\hotspot\share\classfile\systemDictionary.cpp, line 256]
Event: 12.082 Thread 0x00000295fca4f800 Exception <a 'sun/nio/fs/WindowsException'{0x00000000eab5aea8}> (0x00000000eab5aea8) 
thrown [s\src\hotspot\share\prims\jni.cpp, line 516]
Event: 12.146 Thread 0x00000295fca4f800 Exception <a 'java/lang/NoSuchMethodError'{0x00000000eac58fc0}: 'java.lang.Object java.lang.invoke.DirectMethodHandle$Holder.invokeStaticInit(java.lang.Object, int)'> (0x00000000eac58fc0) 
thrown [s\src\hotspot\share\interpreter\linkResolver.cpp, line 759]
Event: 12.239 Thread 0x00000295fca4f800 Exception <a 'java/lang/NoSuchMethodError'{0x00000000eaf59c88}: 'java.lang.Object java.lang.invoke.DirectMethodHandle$Holder.invokeStaticInit(java.lang.Object, int, int, int, int)'> (0x00000000eaf59c88) 
thrown [s\src\hotspot\share\interpreter\linkResolver.cpp, line 759]
Event: 12.672 Thread 0x00000295fca4f800 Exception <a 'java/lang/NoSuchMethodError'{0x00000000eb04d5d8}: 'java.lang.Object java.lang.invoke.DirectMethodHandle$Holder.invokeStaticInit(java.lang.Object, java.lang.Object, int, int, int, int)'> (0x00000000eb04d5d8) 
thrown [s\src\hotspot\share\interpreter\linkResolver.cpp, line 759]

VM Operations (20 events):
Event: 8.460 Executing VM operation: CollectForMetadataAllocation
Event: 8.506 Executing VM operation: CollectForMetadataAllocation done
Event: 9.126 Executing VM operation: HandshakeAllThreads
Event: 9.126 Executing VM operation: HandshakeAllThreads done
Event: 9.396 Executing VM operation: HandshakeAllThreads
Event: 9.397 Executing VM operation: HandshakeAllThreads done
Event: 9.397 Executing VM operation: HandshakeAllThreads
Event: 9.397 Executing VM operation: HandshakeAllThreads done
Event: 9.834 Executing VM operation: ParallelGCFailedAllocation
Event: 9.837 Executing VM operation: ParallelGCFailedAllocation done
Event: 10.603 Executing VM operation: ParallelGCFailedAllocation
Event: 10.611 Executing VM operation: ParallelGCFailedAllocation done
Event: 10.612 Executing VM operation: HandshakeAllThreads
Event: 10.612 Executing VM operation: HandshakeAllThreads done
Event: 11.189 Executing VM operation: ParallelGCFailedAllocation
Event: 12.105 Executing VM operation: ParallelGCFailedAllocation done
Event: 12.209 Executing VM operation: HandshakeAllThreads
Event: 12.209 Executing VM operation: HandshakeAllThreads done
Event: 12.669 Executing VM operation: HandshakeAllThreads
Event: 12.669 Executing VM operation: HandshakeAllThreads done

Events (20 events):
Event: 12.584 loading class java/lang/reflect/WildcardType
Event: 12.584 loading class java/lang/reflect/WildcardType done
Event: 12.588 loading class sun/reflect/generics/tree/TypeVariableSignature
Event: 12.588 loading class sun/reflect/generics/tree/TypeVariableSignature done
Event: 12.646 loading class java/nio/file/Files$AcceptAllFilter
Event: 12.646 loading class java/nio/file/DirectoryStream$Filter
Event: 12.646 loading class java/nio/file/DirectoryStream$Filter done
Event: 12.647 loading class java/nio/file/Files$AcceptAllFilter done
Event: 12.647 loading class sun/nio/fs/WindowsDirectoryStream
Event: 12.647 loading class java/nio/file/DirectoryStream
Event: 12.647 loading class java/nio/file/DirectoryStream done
Event: 12.647 loading class sun/nio/fs/WindowsDirectoryStream done
Event: 12.648 loading class sun/nio/fs/WindowsDirectoryStream$WindowsDirectoryIterator
Event: 12.648 loading class sun/nio/fs/WindowsDirectoryStream$WindowsDirectoryIterator done
Event: 12.668 loading class sun/nio/fs/WindowsPath$WindowsPathWithAttributes
Event: 12.668 loading class sun/nio/fs/BasicFileAttributesHolder
Event: 12.668 loading class sun/nio/fs/BasicFileAttributesHolder done
Event: 12.669 loading class sun/nio/fs/WindowsPath$WindowsPathWithAttributes done
Event: 12.682 loading class sun/security/provider/AbstractDrbg$NonceProvider
Event: 12.682 loading class sun/security/provider/AbstractDrbg$NonceProvider done


Dynamic libraries:
0x00007ff697930000 - 0x00007ff69793e000 	c:\Users\Javi\.vscode\extensions\redhat.java-1.12.0-win32-x64\jre\17.0.4.1-win32-x86_64\bin\java.exe
0x00007ff8e64e0000 - 0x00007ff8e66e7000 	C:\Windows\SYSTEM32\ntdll.dll
0x00007ff8e5850000 - 0x00007ff8e590d000 	C:\Windows\System32\KERNEL32.DLL
0x00007ff8e3fc0000 - 0x00007ff8e4334000 	C:\Windows\System32\KERNELBASE.dll
0x00007ff8e3aa0000 - 0x00007ff8e3bb1000 	C:\Windows\System32\ucrtbase.dll
0x00007ff8d46c0000 - 0x00007ff8d46d8000 	c:\Users\Javi\.vscode\extensions\redhat.java-1.12.0-win32-x64\jre\17.0.4.1-win32-x86_64\bin\jli.dll
0x00007ff8e5300000 - 0x00007ff8e54ac000 	C:\Windows\System32\USER32.dll
0x00007ff8e3bc0000 - 0x00007ff8e3be6000 	C:\Windows\System32\win32u.dll
0x00007ff8e4c20000 - 0x00007ff8e4c49000 	C:\Windows\System32\GDI32.dll
0x00007ff8e3d30000 - 0x00007ff8e3e42000 	C:\Windows\System32\gdi32full.dll
0x00007ff8e3a00000 - 0x00007ff8e3a9d000 	C:\Windows\System32\msvcp_win.dll
0x00007ff8d46a0000 - 0x00007ff8d46b9000 	c:\Users\Javi\.vscode\extensions\redhat.java-1.12.0-win32-x64\jre\17.0.4.1-win32-x86_64\bin\VCRUNTIME140.dll
0x00007ff8cac00000 - 0x00007ff8caea5000 	C:\Windows\WinSxS\amd64_microsoft.windows.common-controls_6595b64144ccf1df_6.0.22000.120_none_9d947278b86cc467\COMCTL32.dll
0x00007ff8e4460000 - 0x00007ff8e4503000 	C:\Windows\System32\msvcrt.dll
0x00007ff8e46f0000 - 0x00007ff8e4721000 	C:\Windows\System32\IMM32.DLL
0x00007ff8d3c00000 - 0x00007ff8d3c0c000 	c:\Users\Javi\.vscode\extensions\redhat.java-1.12.0-win32-x64\jre\17.0.4.1-win32-x86_64\bin\vcruntime140_1.dll
0x00007ff882c70000 - 0x00007ff882d01000 	c:\Users\Javi\.vscode\extensions\redhat.java-1.12.0-win32-x64\jre\17.0.4.1-win32-x86_64\bin\msvcp140.dll
0x00007ff882020000 - 0x00007ff882c66000 	c:\Users\Javi\.vscode\extensions\redhat.java-1.12.0-win32-x64\jre\17.0.4.1-win32-x86_64\bin\server\jvm.dll
0x00007ff8e51b0000 - 0x00007ff8e525c000 	C:\Windows\System32\ADVAPI32.dll
0x00007ff8e5260000 - 0x00007ff8e52fd000 	C:\Windows\System32\sechost.dll
0x00007ff8e56c0000 - 0x00007ff8e57e1000 	C:\Windows\System32\RPCRT4.dll
0x00007ff8e50a0000 - 0x00007ff8e50a8000 	C:\Windows\System32\PSAPI.DLL
0x00007ff8df520000 - 0x00007ff8df529000 	C:\Windows\SYSTEM32\WSOCK32.dll
0x00007ff8e5030000 - 0x00007ff8e509f000 	C:\Windows\System32\WS2_32.dll
0x00007ff8dacf0000 - 0x00007ff8dad23000 	C:\Windows\SYSTEM32\WINMM.dll
0x00007ff8db3d0000 - 0x00007ff8db3da000 	C:\Windows\SYSTEM32\VERSION.dll
0x00007ff8e2ba0000 - 0x00007ff8e2bb8000 	C:\Windows\SYSTEM32\kernel.appcore.dll
0x00007ff8d3bb0000 - 0x00007ff8d3bba000 	c:\Users\Javi\.vscode\extensions\redhat.java-1.12.0-win32-x64\jre\17.0.4.1-win32-x86_64\bin\jimage.dll
0x00007ff8dc390000 - 0x00007ff8dc5b1000 	C:\Windows\SYSTEM32\DBGHELP.DLL
0x00007ff8a1c30000 - 0x00007ff8a1c61000 	C:\Windows\SYSTEM32\dbgcore.DLL
0x00007ff8e3cb0000 - 0x00007ff8e3d30000 	C:\Windows\System32\bcryptPrimitives.dll
0x00007ff8d3ba0000 - 0x00007ff8d3bae000 	c:\Users\Javi\.vscode\extensions\redhat.java-1.12.0-win32-x64\jre\17.0.4.1-win32-x86_64\bin\instrument.dll
0x00007ff8d3a10000 - 0x00007ff8d3a35000 	c:\Users\Javi\.vscode\extensions\redhat.java-1.12.0-win32-x64\jre\17.0.4.1-win32-x86_64\bin\java.dll
0x00007ff8d3b20000 - 0x00007ff8d3b38000 	c:\Users\Javi\.vscode\extensions\redhat.java-1.12.0-win32-x64\jre\17.0.4.1-win32-x86_64\bin\zip.dll
0x00007ff8e5910000 - 0x00007ff8e60be000 	C:\Windows\System32\SHELL32.dll
0x00007ff8e1ba0000 - 0x00007ff8e2407000 	C:\Windows\SYSTEM32\windows.storage.dll
0x00007ff8e4c50000 - 0x00007ff8e4fc8000 	C:\Windows\System32\combase.dll
0x00007ff8e1a30000 - 0x00007ff8e1b96000 	C:\Windows\SYSTEM32\wintypes.dll
0x00007ff8e63f0000 - 0x00007ff8e64da000 	C:\Windows\System32\SHCORE.dll
0x00007ff8e57f0000 - 0x00007ff8e584d000 	C:\Windows\System32\shlwapi.dll
0x00007ff8e3930000 - 0x00007ff8e3951000 	C:\Windows\SYSTEM32\profapi.dll
0x00007ff8d3810000 - 0x00007ff8d3829000 	C:\Users\Javi\.vscode\extensions\redhat.java-1.12.0-win32-x64\jre\17.0.4.1-win32-x86_64\bin\net.dll
0x00007ff8dd340000 - 0x00007ff8dd44c000 	C:\Windows\SYSTEM32\WINHTTP.dll
0x00007ff8e3020000 - 0x00007ff8e3087000 	C:\Windows\system32\mswsock.dll
0x00007ff8d3030000 - 0x00007ff8d3045000 	C:\Users\Javi\.vscode\extensions\redhat.java-1.12.0-win32-x64\jre\17.0.4.1-win32-x86_64\bin\nio.dll
0x00007ff8d3a00000 - 0x00007ff8d3a10000 	c:\Users\Javi\.vscode\extensions\redhat.java-1.12.0-win32-x64\jre\17.0.4.1-win32-x86_64\bin\verify.dll
0x00007ff894b60000 - 0x00007ff894b9e000 	C:\Users\Javi\AppData\Roaming\Code\User\globalStorage\redhat.java\1.12.0\config_win\org.eclipse.equinox.launcher\org.eclipse.equinox.launcher.win32.win32.x86_64_1.2.600.v20220720-1916\eclipse_11700.dll
0x00007ff8e61f0000 - 0x00007ff8e638a000 	C:\Windows\System32\ole32.dll
0x00007ff8e3260000 - 0x00007ff8e3278000 	C:\Windows\SYSTEM32\CRYPTSP.dll
0x00007ff8e2af0000 - 0x00007ff8e2b25000 	C:\Windows\system32\rsaenh.dll
0x00007ff8e3110000 - 0x00007ff8e3139000 	C:\Windows\SYSTEM32\USERENV.dll
0x00007ff8e33e0000 - 0x00007ff8e3407000 	C:\Windows\SYSTEM32\bcrypt.dll
0x00007ff8e3280000 - 0x00007ff8e328c000 	C:\Windows\SYSTEM32\CRYPTBASE.dll
0x00007ff8e2660000 - 0x00007ff8e268d000 	C:\Windows\SYSTEM32\IPHLPAPI.DLL
0x00007ff8e51a0000 - 0x00007ff8e51a9000 	C:\Windows\System32\NSI.dll
0x00007ff8dd530000 - 0x00007ff8dd549000 	C:\Windows\SYSTEM32\dhcpcsvc6.DLL
0x00007ff8dd680000 - 0x00007ff8dd69e000 	C:\Windows\SYSTEM32\dhcpcsvc.DLL
0x00007ff8e2690000 - 0x00007ff8e2777000 	C:\Windows\SYSTEM32\DNSAPI.dll

dbghelp: loaded successfully - version: 4.0.5 - missing functions: none
symbol engine: initialized successfully - sym options: 0x614 - pdb path: .;c:\Users\Javi\.vscode\extensions\redhat.java-1.12.0-win32-x64\jre\17.0.4.1-win32-x86_64\bin;C:\Windows\SYSTEM32;C:\Windows\WinSxS\amd64_microsoft.windows.common-controls_6595b64144ccf1df_6.0.22000.120_none_9d947278b86cc467;c:\Users\Javi\.vscode\extensions\redhat.java-1.12.0-win32-x64\jre\17.0.4.1-win32-x86_64\bin\server;C:\Users\Javi\AppData\Roaming\Code\User\globalStorage\redhat.java\1.12.0\config_win\org.eclipse.equinox.launcher\org.eclipse.equinox.launcher.win32.win32.x86_64_1.2.600.v20220720-1916

VM Arguments:
jvm_args: --add-modules=ALL-SYSTEM --add-opens=java.base/java.util=ALL-UNNAMED --add-opens=java.base/java.lang=ALL-UNNAMED --add-opens=java.base/sun.nio.fs=ALL-UNNAMED -Declipse.application=org.eclipse.jdt.ls.core.id1 -Dosgi.bundles.defaultStartLevel=4 -Declipse.product=org.eclipse.jdt.ls.core.product -Djava.import.generatesMetadataFilesAtProjectRoot=false -Dfile.encoding=utf8 -XX:+UseParallelGC -XX:GCTimeRatio=4 -XX:AdaptiveSizePolicyWeight=90 -Dsun.zip.disableMemoryMapping=true -Xmx1G -Xms100m -Xlog:disable -javaagent:c:\Users\Javi\.vscode\extensions\redhat.java-1.12.0-win32-x64\lombok\lombok-1.18.24.jar -XX:+HeapDumpOnOutOfMemoryError -XX:HeapDumpPath=c:\Users\Javi\AppData\Roaming\Code\User\workspaceStorage\bc9c19a975e5383426c18f3188613c0e\redhat.java 
java_command: c:\Users\Javi\.vscode\extensions\redhat.java-1.12.0-win32-x64\server\plugins\org.eclipse.equinox.launcher_1.6.400.v20210924-0641.jar -configuration c:\Users\Javi\AppData\Roaming\Code\User\globalStorage\redhat.java\1.12.0\config_win -data c:\Users\Javi\AppData\Roaming\Code\User\workspaceStorage\bc9c19a975e5383426c18f3188613c0e\redhat.java\jdt_ws
java_class_path (initial): c:\Users\Javi\.vscode\extensions\redhat.java-1.12.0-win32-x64\server\plugins\org.eclipse.equinox.launcher_1.6.400.v20210924-0641.jar
Launcher Type: SUN_STANDARD

[Global flags]
    uintx AdaptiveSizePolicyWeight                 = 90                                        {product} {command line}
     intx CICompilerCount                          = 3                                         {product} {ergonomic}
    uintx GCTimeRatio                              = 4                                         {product} {command line}
     bool HeapDumpOnOutOfMemoryError               = true                                   {manageable} {command line}
    ccstr HeapDumpPath                             = c:\Users\Javi\AppData\Roaming\Code\User\workspaceStorage\bc9c19a975e5383426c18f3188613c0e\redhat.java         {manageable} {command line}
   size_t InitialHeapSize                          = 104857600                                 {product} {command line}
   size_t MaxHeapSize                              = 1073741824                                {product} {command line}
   size_t MaxNewSize                               = 357564416                                 {product} {ergonomic}
   size_t MinHeapDeltaBytes                        = 524288                                    {product} {ergonomic}
   size_t MinHeapSize                              = 104857600                                 {product} {command line}
   size_t NewSize                                  = 34603008                                  {product} {ergonomic}
    uintx NonNMethodCodeHeapSize                   = 5832780                                {pd product} {ergonomic}
    uintx NonProfiledCodeHeapSize                  = 122912730                              {pd product} {ergonomic}
   size_t OldSize                                  = 70254592                                  {product} {ergonomic}
    uintx ProfiledCodeHeapSize                     = 122912730                              {pd product} {ergonomic}
    uintx ReservedCodeCacheSize                    = 251658240                              {pd product} {ergonomic}
     bool SegmentedCodeCache                       = true                                      {product} {ergonomic}
   size_t SoftMaxHeapSize                          = 1073741824                             {manageable} {ergonomic}
     bool UseCompressedClassPointers               = true                           {product lp64_product} {ergonomic}
     bool UseCompressedOops                        = true                           {product lp64_product} {ergonomic}
     bool UseLargePagesIndividualAllocation        = false                                  {pd product} {ergonomic}
     bool UseParallelGC                            = true                                      {product} {command line}

Logging:
Log output configuration:
 #0: stdout all=off uptime,level,tags
 #1: stderr all=off uptime,level,tags

Environment Variables:
JAVA_HOME=C:\Program Files\Java\jre1.8.0_311
PATH=C:\Program Files\Eclipse Adoptium\jdk-17.0.4.8-hotspot\bin;C:\Program Files (x86)\Common Files\Oracle\Java\javapath;C:\ProgramData\Oracle\Java\javapath;C:\Windows\system32;C:\Windows;C:\Windows\System32\Wbem;C:\Windows\System32\WindowsPowerShell\v1.0\;C:\Windows\System32\OpenSSH\;C:\Program Files\Common Files\Autodesk Shared\;C:\Program Files\Microsoft SQL Server\120\Tools\Binn\;C:\Program Files\nodejs\;C:\Program Files\Git\cmd;C:\Program Files\Microsoft SQL Server\Client SDK\ODBC\170\Tools\Binn\;C:\Program Files (x86)\Microsoft SQL Server\150\Tools\Binn\;C:\Program Files\Microsoft SQL Server\150\Tools\Binn\;C:\Program Files\Microsoft SQL Server\150\DTS\Binn\;C:\Program Files (x86)\Microsoft SQL Server\160\DTS\Binn\;C:\Program Files\Azure Data Studio\bin;C:\Users\Javi\AppData\Local\Programs\Python\Python310\Scripts\;C:\Users\Javi\AppData\Local\Programs\Python\Python310\;C:\Users\Javi\AppData\Local\Microsoft\WindowsApps;C:\Users\Javi\AppData\Roaming\npm;C:\Users\Javi\AppData\Local\Programs\Microsoft VS Code\bin;C:\Program Files\Java\jre1.8.0_311\bin;;C:\Program Files\Azure Data Studio\bin
USERNAME=Javi
OS=Windows_NT
PROCESSOR_IDENTIFIER=AMD64 Family 21 Model 101 Stepping 1, AuthenticAMD
TMP=C:\Users\Javi\AppData\Local\Temp
TEMP=C:\Users\Javi\AppData\Local\Temp



---------------  S Y S T E M  ---------------

OS:
 Windows 11 , 64 bit Build 22000 (10.0.22000.318)
OS uptime: 0 days 3:52 hours

CPU: total 4 (initial active 4) (4 cores per cpu, 1 threads per core) family 21 model 101 stepping 1 microcode 0x0, cx8, cmov, fxsr, mmx, 3dnowpref, sse, sse2, sse3, ssse3, sse4a, sse4.1, sse4.2, popcnt, lzcnt, tsc, tscinvbit, avx, avx2, aes, clmul, bmi1, bmi2, fma, vzeroupper, clflush

Memory: 4k page, system-wide physical 7609M (1136M free)
TotalPageFile size 8609M (AvailPageFile size 0M)
current process WorkingSet (physical memory assigned to process): 125M, peak: 129M
current process commit charge ("private bytes"): 219M, peak: 225M

vm_info: OpenJDK 64-Bit Server VM (17.0.4.1+1) for windows-amd64 JRE (17.0.4.1+1), built on Aug 17 2022 07:42:43 by "temurin" with MS VC++ 16.7 (VS2019)

END.
